<?xml version="1.0" encoding="UTF-8"?>
<!-- Generated by org.testng.reporters.JUnitReportReporter -->
<testsuite hostname="Amys-MBP" failures="0" tests="2" name="com.testng.basics.class1.LoginTest1" time="12.833" errors="0" timestamp="2021-05-23T10:42:04 EDT" skipped="0">
  <testcase classname="com.testng.basics.class1.LoginTest1" name="validationOfTitle" time="6.009"/>
  <system-out/>
  <testcase classname="com.testng.basics.class1.LoginTest1" name="validLogin" time="6.824"/>
  <system-out/>
</testsuite> <!-- com.testng.basics.class1.LoginTest1 -->
