<?xml version="1.0" encoding="UTF-8"?>
<!-- Generated by org.testng.reporters.JUnitReportReporter -->
<testsuite hostname="Amys-MBP" failures="0" tests="3" name="com.testng.basics.class2.Priority" time="0.000" errors="0" timestamp="2021-05-23T10:42:04 EDT" skipped="0">
  <testcase classname="com.testng.basics.class2.Priority" name="loginMethod" time="0.000"/>
  <system-out/>
  <testcase classname="com.testng.basics.class2.Priority" name="logoutMethod" time="0.000"/>
  <system-out/>
  <testcase classname="com.testng.basics.class2.Priority" name="enterCredentialsMethod" time="0.000"/>
  <system-out/>
</testsuite> <!-- com.testng.basics.class2.Priority -->
