<?xml version="1.0" encoding="UTF-8"?>
<!-- Generated by org.testng.reporters.JUnitReportReporter -->
<testsuite hostname="Amys-MacBook-Pro.local" failures="0" tests="2" name="com.testng.basics.class1.Task1" time="0.002" errors="0" timestamp="2021-05-23T12:26:51 EDT" skipped="0">
  <testcase classname="com.testng.basics.class1.Task1" name="firstMethod" time="0.001"/>
  <system-out/>
  <testcase classname="com.testng.basics.class1.Task1" name="secondMethod" time="0.001"/>
  <system-out/>
</testsuite> <!-- com.testng.basics.class1.Task1 -->
