<?xml version="1.0" encoding="UTF-8"?>
<!-- Generated by org.testng.reporters.JUnitReportReporter -->
<testsuite hostname="Amys-MBP" failures="0" tests="1" name="com.testng.basics.class3.LoginTestt" time="7.984" errors="0" timestamp="2021-05-22T13:13:15 EDT" skipped="0">
  <testcase classname="com.testng.basics.class3.LoginTestt" name="validLogin" time="7.984"/>
  <system-out/>
</testsuite> <!-- com.testng.basics.class3.LoginTestt -->
