<?xml version="1.0" encoding="UTF-8"?>
<!-- Generated by org.testng.reporters.JUnitReportReporter -->
<testsuite hostname="Amys-MBP" failures="0" tests="1" name="com.testng.basics.class2.Assertion" time="0.010" errors="0" timestamp="2021-05-23T10:42:04 EDT" skipped="0">
  <testcase classname="com.testng.basics.class2.Assertion" name="assertVerification" time="0.010"/>
  <system-out/>
</testsuite> <!-- com.testng.basics.class2.Assertion -->
