<?xml version="1.0" encoding="UTF-8"?>
<!-- Generated by org.testng.reporters.JUnitReportReporter -->
<testsuite hostname="Amys-MBP" failures="0" tests="3" name="com.testng.basics.class1.PreAndPostCondition" time="0.004" errors="0" timestamp="2021-05-23T10:42:04 EDT" skipped="0">
  <testcase classname="com.testng.basics.class1.PreAndPostCondition" name="thirdFunction" time="0.001"/>
  <system-out/>
  <testcase classname="com.testng.basics.class1.PreAndPostCondition" name="firstFunction" time="0.001"/>
  <system-out/>
  <testcase classname="com.testng.basics.class1.PreAndPostCondition" name="secondFunction" time="0.002"/>
  <system-out/>
</testsuite> <!-- com.testng.basics.class1.PreAndPostCondition -->
