<?xml version="1.0" encoding="UTF-8"?>
<!-- Generated by org.testng.reporters.JUnitReportReporter -->
<testsuite hostname="Amys-MBP" failures="0" tests="2" name="com.testng.basics.class2.DependsOnAttribute" time="0.001" errors="0" timestamp="2021-05-23T10:42:04 EDT" skipped="0">
  <testcase classname="com.testng.basics.class2.DependsOnAttribute" name="enterCredentials" time="0.001"/>
  <system-out/>
  <testcase classname="com.testng.basics.class2.DependsOnAttribute" name="launchApplication" time="0.000"/>
  <system-out/>
</testsuite> <!-- com.testng.basics.class2.DependsOnAttribute -->
